Build started 8/17/2014 7:09:31 AM.
     1>Project "C:\Users\jbrock\Documents\Github\MiscSmallTestProjects\ZabbixSenderDLLTest\ZabbixSenderDLLTest.vcxproj" on node 8 (Build target(s)).
     1>ClCompile:
         C:\Program Files (x86)\Microsoft Visual Studio 12.0\VC\bin\CL.exe /c /IC:\Users\jbrock\Desktop\ZabbixSource\bin\win32\dev /ZI /nologo /W3 /WX- /sdl /Od /Oy- /D _MBCS /Gm /EHsc /RTC1 /MDd /GS /fp:precise /Zc:wchar_t /Zc:forScope /Fo"Debug\\" /Fd"Debug\vc120.pdb" /Gd /TC /showIncludes /analyze- /FC /errorReport:prompt main2.c
         main2.c
         Note: including file: C:\Program Files (x86)\Microsoft Visual Studio 12.0\VC\include\stdio.h
         Note: including file:  C:\Program Files (x86)\Microsoft Visual Studio 12.0\VC\include\crtdefs.h
         Note: including file:   C:\Program Files (x86)\Microsoft Visual Studio 12.0\VC\include\sal.h
         Note: including file:    C:\Program Files (x86)\Microsoft Visual Studio 12.0\VC\include\ConcurrencySal.h
         Note: including file:   C:\Program Files (x86)\Microsoft Visual Studio 12.0\VC\include\vadefs.h
         Note: including file:  C:\Program Files (x86)\Microsoft Visual Studio 12.0\VC\include\swprintf.inl
         Note: including file: C:\Program Files (x86)\Microsoft Visual Studio 12.0\VC\include\stdlib.h
         Note: including file:  C:\Program Files (x86)\Microsoft Visual Studio 12.0\VC\include\crtdefs.h
         Note: including file:  C:\Program Files (x86)\Microsoft Visual Studio 12.0\VC\include\limits.h
         Note: including file:   C:\Program Files (x86)\Microsoft Visual Studio 12.0\VC\include\crtdefs.h
     1>c:\users\jbrock\documents\github\miscsmalltestprojects\zabbixsenderdlltest\main2.c(25): fatal error C1083: Cannot open include file: 'zabbix_sender.h': No such file or directory
     1>Done Building Project "C:\Users\jbrock\Documents\Github\MiscSmallTestProjects\ZabbixSenderDLLTest\ZabbixSenderDLLTest.vcxproj" (Build target(s)) -- FAILED.

Build FAILED.

Time Elapsed 00:00:00.85
